<?xml version="1.0" encoding="utf-8"?>
<coverage line-rate="0.9444" branch-rate="0.9375" version="1.9" timestamp="1749612506" lines-covered="51" lines-valid="54" branches-covered="30" branches-valid="32">
  <sources>
    <source>C:\</source>
  </sources>
  <packages>
    <package name="Prima" line-rate="0.9444" branch-rate="0.9375" complexity="32">
      <classes>
        <class name="Prima.Prima" filename="Users\Anisazumara\Documents\Batch 13\unit-testing-using-nunit\unit-testing-using-nunit\Prima\Prima.cs" line-rate="0.9444" branch-rate="0.9375" complexity="32">
          <methods>
            <method name="IsPrima" signature="(System.Int32)" line-rate="1" branch-rate="1" complexity="10">
              <lines>
                <line number="6" hits="56" branch="False" />
                <line number="7" hits="56" branch="True" condition-coverage="100% (2/2)">
                  <conditions>
                    <condition number="7" type="jump" coverage="100%" />
                  </conditions>
                </line>
                <line number="8" hits="5" branch="False" />
                <line number="10" hits="51" branch="True" condition-coverage="100% (2/2)">
                  <conditions>
                    <condition number="19" type="jump" coverage="100%" />
                  </conditions>
                </line>
                <line number="11" hits="1" branch="False" />
                <line number="13" hits="50" branch="True" condition-coverage="100% (2/2)">
                  <conditions>
                    <condition number="35" type="jump" coverage="100%" />
                  </conditions>
                </line>
                <line number="14" hits="18" branch="False" />
                <line number="16" hits="32" branch="False" />
                <line number="18" hits="108" branch="True" condition-coverage="100% (2/2)">
                  <conditions>
                    <condition number="97" type="jump" coverage="100%" />
                  </conditions>
                </line>
                <line number="19" hits="30" branch="False" />
                <line number="20" hits="30" branch="True" condition-coverage="100% (2/2)">
                  <conditions>
                    <condition number="72" type="jump" coverage="100%" />
                  </conditions>
                </line>
                <line number="21" hits="8" branch="False" />
                <line number="22" hits="22" branch="False" />
                <line number="23" hits="24" branch="False" />
                <line number="24" hits="56" branch="False" />
              </lines>
            </method>
            <method name="FindPrimaUpTo" signature="(System.Int32)" line-rate="1" branch-rate="1" complexity="14">
              <lines>
                <line number="27" hits="8" branch="False" />
                <line number="28" hits="8" branch="True" condition-coverage="100% (2/2)">
                  <conditions>
                    <condition number="7" type="jump" coverage="100%" />
                  </conditions>
                </line>
                <line number="29" hits="4" branch="False" />
                <line number="31" hits="4" branch="False" />
                <line number="32" hits="264" branch="True" condition-coverage="100% (2/2)">
                  <conditions>
                    <condition number="58" type="jump" coverage="100%" />
                  </conditions>
                </line>
                <line number="33" hits="128" branch="False" />
                <line number="35" hits="36" branch="True" condition-coverage="100% (2/2)">
                  <conditions>
                    <condition number="137" type="jump" coverage="100%" />
                  </conditions>
                </line>
                <line number="36" hits="14" branch="False" />
                <line number="37" hits="14" branch="True" condition-coverage="100% (2/2)">
                  <conditions>
                    <condition number="74" type="jump" coverage="100%" />
                  </conditions>
                </line>
                <line number="38" hits="8" branch="False" />
                <line number="39" hits="260" branch="True" condition-coverage="100% (2/2)">
                  <conditions>
                    <condition number="112" type="jump" coverage="100%" />
                  </conditions>
                </line>
                <line number="40" hits="122" branch="False" />
                <line number="41" hits="122" branch="False" />
                <line number="42" hits="122" branch="False" />
                <line number="43" hits="8" branch="False" />
                <line number="44" hits="14" branch="False" />
                <line number="46" hits="4" branch="False" />
                <line number="47" hits="264" branch="True" condition-coverage="100% (2/2)">
                  <conditions>
                    <condition number="189" type="jump" coverage="100%" />
                  </conditions>
                </line>
                <line number="48" hits="128" branch="False" />
                <line number="49" hits="128" branch="True" condition-coverage="100% (2/2)">
                  <conditions>
                    <condition number="159" type="jump" coverage="100%" />
                  </conditions>
                </line>
                <line number="50" hits="38" branch="False" />
                <line number="51" hits="128" branch="False" />
                <line number="53" hits="4" branch="False" />
                <line number="54" hits="8" branch="False" />
              </lines>
            </method>
            <method name="GetNextPrima" signature="(System.Int32)" line-rate="0.8" branch-rate="0.75" complexity="8">
              <lines>
                <line number="57" hits="17" branch="False" />
                <line number="58" hits="17" branch="True" condition-coverage="100% (2/2)">
                  <conditions>
                    <condition number="7" type="jump" coverage="100%" />
                  </conditions>
                </line>
                <line number="59" hits="4" branch="False" />
                <line number="61" hits="13" branch="False" />
                <line number="63" hits="29" branch="True" condition-coverage="50% (1/2)">
                  <conditions>
                    <condition number="77" type="jump" coverage="50%" />
                  </conditions>
                </line>
                <line number="64" hits="29" branch="False" />
                <line number="65" hits="29" branch="True" condition-coverage="100% (2/2)">
                  <conditions>
                    <condition number="29" type="jump" coverage="100%" />
                  </conditions>
                </line>
                <line number="66" hits="13" branch="False" />
                <line number="68" hits="16" branch="False" />
                <line number="70" hits="16" branch="True" condition-coverage="50% (1/2)">
                  <conditions>
                    <condition number="47" type="jump" coverage="50%" />
                  </conditions>
                </line>
                <line number="71" hits="0" branch="False" />
                <line number="72" hits="0" branch="False" />
                <line number="74" hits="16" branch="False" />
                <line number="76" hits="0" branch="False" />
                <line number="77" hits="17" branch="False" />
              </lines>
            </method>
          </methods>
          <lines>
            <line number="6" hits="56" branch="False" />
            <line number="7" hits="56" branch="True" condition-coverage="100% (2/2)">
              <conditions>
                <condition number="7" type="jump" coverage="100%" />
              </conditions>
            </line>
            <line number="8" hits="5" branch="False" />
            <line number="10" hits="51" branch="True" condition-coverage="100% (2/2)">
              <conditions>
                <condition number="19" type="jump" coverage="100%" />
              </conditions>
            </line>
            <line number="11" hits="1" branch="False" />
            <line number="13" hits="50" branch="True" condition-coverage="100% (2/2)">
              <conditions>
                <condition number="35" type="jump" coverage="100%" />
              </conditions>
            </line>
            <line number="14" hits="18" branch="False" />
            <line number="16" hits="32" branch="False" />
            <line number="18" hits="108" branch="True" condition-coverage="100% (2/2)">
              <conditions>
                <condition number="97" type="jump" coverage="100%" />
              </conditions>
            </line>
            <line number="19" hits="30" branch="False" />
            <line number="20" hits="30" branch="True" condition-coverage="100% (2/2)">
              <conditions>
                <condition number="72" type="jump" coverage="100%" />
              </conditions>
            </line>
            <line number="21" hits="8" branch="False" />
            <line number="22" hits="22" branch="False" />
            <line number="23" hits="24" branch="False" />
            <line number="24" hits="56" branch="False" />
            <line number="27" hits="8" branch="False" />
            <line number="28" hits="8" branch="True" condition-coverage="100% (2/2)">
              <conditions>
                <condition number="7" type="jump" coverage="100%" />
              </conditions>
            </line>
            <line number="29" hits="4" branch="False" />
            <line number="31" hits="4" branch="False" />
            <line number="32" hits="264" branch="True" condition-coverage="100% (2/2)">
              <conditions>
                <condition number="58" type="jump" coverage="100%" />
              </conditions>
            </line>
            <line number="33" hits="128" branch="False" />
            <line number="35" hits="36" branch="True" condition-coverage="100% (2/2)">
              <conditions>
                <condition number="137" type="jump" coverage="100%" />
              </conditions>
            </line>
            <line number="36" hits="14" branch="False" />
            <line number="37" hits="14" branch="True" condition-coverage="100% (2/2)">
              <conditions>
                <condition number="74" type="jump" coverage="100%" />
              </conditions>
            </line>
            <line number="38" hits="8" branch="False" />
            <line number="39" hits="260" branch="True" condition-coverage="100% (2/2)">
              <conditions>
                <condition number="112" type="jump" coverage="100%" />
              </conditions>
            </line>
            <line number="40" hits="122" branch="False" />
            <line number="41" hits="122" branch="False" />
            <line number="42" hits="122" branch="False" />
            <line number="43" hits="8" branch="False" />
            <line number="44" hits="14" branch="False" />
            <line number="46" hits="4" branch="False" />
            <line number="47" hits="264" branch="True" condition-coverage="100% (2/2)">
              <conditions>
                <condition number="189" type="jump" coverage="100%" />
              </conditions>
            </line>
            <line number="48" hits="128" branch="False" />
            <line number="49" hits="128" branch="True" condition-coverage="100% (2/2)">
              <conditions>
                <condition number="159" type="jump" coverage="100%" />
              </conditions>
            </line>
            <line number="50" hits="38" branch="False" />
            <line number="51" hits="128" branch="False" />
            <line number="53" hits="4" branch="False" />
            <line number="54" hits="8" branch="False" />
            <line number="57" hits="17" branch="False" />
            <line number="58" hits="17" branch="True" condition-coverage="100% (2/2)">
              <conditions>
                <condition number="7" type="jump" coverage="100%" />
              </conditions>
            </line>
            <line number="59" hits="4" branch="False" />
            <line number="61" hits="13" branch="False" />
            <line number="63" hits="29" branch="True" condition-coverage="50% (1/2)">
              <conditions>
                <condition number="77" type="jump" coverage="50%" />
              </conditions>
            </line>
            <line number="64" hits="29" branch="False" />
            <line number="65" hits="29" branch="True" condition-coverage="100% (2/2)">
              <conditions>
                <condition number="29" type="jump" coverage="100%" />
              </conditions>
            </line>
            <line number="66" hits="13" branch="False" />
            <line number="68" hits="16" branch="False" />
            <line number="70" hits="16" branch="True" condition-coverage="50% (1/2)">
              <conditions>
                <condition number="47" type="jump" coverage="50%" />
              </conditions>
            </line>
            <line number="71" hits="0" branch="False" />
            <line number="72" hits="0" branch="False" />
            <line number="74" hits="16" branch="False" />
            <line number="76" hits="0" branch="False" />
            <line number="77" hits="17" branch="False" />
          </lines>
        </class>
      </classes>
    </package>
  </packages>
</coverage>